<?xml version="1.0" encoding="UTF-8"?>
<!-- Generated by org.testng.reporters.JUnitXMLReporter -->
<testsuite ignored="1" hostname="M0ngO" failures="0" tests="2" name="RegressionTest" time="10.84" errors="0" timestamp="2026-02-03T23:43:40 EST">
  <testcase classname="com.neotech.testcases.LoginTest" name="invalidPassword" time="2.344"/>
  <testcase classname="com.neotech.testcases.LoginTest" name="validLogin" time="4.622"/>
  <testcase classname="com.neotech.testcases.LoginTest" name="emptyPassword" time="0.0">
    <ignored/>
  </testcase> <!-- emptyPassword -->
</testsuite> <!-- RegressionTest -->
