<?xml version="1.0" encoding="UTF-8"?>
<!-- Generated by org.testng.reporters.JUnitXMLReporter -->
<testsuite ignored="1" hostname="M0ngO" failures="1" tests="2" name="SmokeTest" time="6.743" errors="0" timestamp="2026-02-04T20:51:01 EST">
  <testcase classname="com.neotech.testcases.LoginTest" name="emptyPassword" time="0.177"/>
  <testcase classname="com.neotech.testcases.LoginTest" name="validLogin" time="2.578">
    <failure type="java.lang.AssertionError" message="Account does not match expected [Jacqueline Whitee] but found [Jacqueline White]">
      <![CDATA[java.lang.AssertionError: Account does not match expected [Jacqueline Whitee] but found [Jacqueline White]
at com.neotech.testcases.LoginTest.validLogin(LoginTest.java:44)
at java.base/java.util.ArrayList.forEach(ArrayList.java:1596)
... Removed 30 stack frames]]>
    </failure>
  </testcase> <!-- validLogin -->
  <testcase classname="com.neotech.testcases.LoginTest" name="invalidPassword" time="0.0">
    <ignored/>
  </testcase> <!-- invalidPassword -->
</testsuite> <!-- SmokeTest -->
