<?xml version="1.0" encoding="UTF-8"?>
<!-- Generated by org.testng.reporters.JUnitXMLReporter -->
<testsuite ignored="2" hostname="M0ngO" failures="0" tests="1" name="SmokeTest" time="4.603" errors="0" timestamp="2026-02-03T20:58:46 EST">
  <testcase classname="com.neotech.testcases.LoginTest" name="validLogin" time="2.684"/>
  <testcase classname="com.neotech.testcases.LoginTest" name="invalidPassword" time="0.0">
    <ignored/>
  </testcase> <!-- invalidPassword -->
  <testcase classname="com.neotech.testcases.LoginTest" name="emptyPassword" time="0.0">
    <ignored/>
  </testcase> <!-- emptyPassword -->
</testsuite> <!-- SmokeTest -->
