<?xml version="1.0" encoding="UTF-8"?>
<!-- Generated by org.testng.reporters.JUnitXMLReporter -->
<testsuite ignored="8" hostname="M0ngO" failures="1" tests="2" name="GroupsDemoTest" time="0.397" errors="0" timestamp="2026-02-05T15:56:35 EST">
  <testcase classname="com.neotech.testcases.GroupDemo" name="test1" time="0.009">
    <failure type="java.lang.AssertionError" message="expected [true] but found [false]">
      <![CDATA[java.lang.AssertionError: expected [true] but found [false]
at com.neotech.testcases.GroupDemo.test1(GroupDemo.java:36)
at java.base/java.util.ArrayList.forEach(ArrayList.java:1596)
... Removed 29 stack frames]]>
    </failure>
  </testcase> <!-- test1 -->
  <testcase classname="com.neotech.testcases.GroupDemo" name="test2" time="0.0">
    <skipped/>
  </testcase> <!-- test2 -->
  <testcase classname="com.neotech.testbase.BaseClass" name="@BeforeTest generateReport" time="0.0">
    <ignored/>
  </testcase> <!-- @BeforeTest generateReport -->
  <testcase classname="com.neotech.testcases.LoginTest" name="emptyPassword" time="0.0">
    <ignored/>
  </testcase> <!-- emptyPassword -->
  <testcase classname="com.neotech.testbase.BaseClass" name="@AfterTest writeReport" time="0.0">
    <ignored/>
  </testcase> <!-- @AfterTest writeReport -->
  <testcase classname="com.neotech.testcases.Annotations" name="test1" time="0.0">
    <ignored/>
  </testcase> <!-- test1 -->
  <testcase classname="com.neotech.testcases.Annotations" name="test2" time="0.0">
    <ignored/>
  </testcase> <!-- test2 -->
  <testcase classname="com.neotech.testcases.LoginTest" name="invalidPassword" time="0.0">
    <ignored/>
  </testcase> <!-- invalidPassword -->
  <testcase classname="com.neotech.testcases.AddEmployeeTest" name="addEmployee" time="0.0">
    <ignored/>
  </testcase> <!-- addEmployee -->
  <testcase classname="com.neotech.testcases.LoginTest" name="validLogin" time="0.0">
    <ignored/>
  </testcase> <!-- validLogin -->
</testsuite> <!-- GroupsDemoTest -->
