<?xml version="1.0" encoding="UTF-8"?>
<!-- Generated by org.testng.reporters.JUnitXMLReporter -->
<testsuite ignored="0" hostname="M0ngO" failures="0" tests="3" name="Default test" time="10.1" errors="0" timestamp="2026-02-03T20:50:41 EST">
  <testcase classname="com.neotech.testcases.LoginTest" name="emptyPassword" time="0.187"/>
  <testcase classname="com.neotech.testcases.LoginTest" name="invalidPassword" time="2.374"/>
  <testcase classname="com.neotech.testcases.LoginTest" name="validLogin" time="2.714"/>
</testsuite> <!-- Default test -->
