<?xml version="1.0" encoding="UTF-8"?>
<!-- Generated by org.testng.reporters.JUnitXMLReporter -->
<testsuite ignored="0" hostname="M0ngO" failures="0" tests="3" name="Default test" time="10.935" errors="0" timestamp="2026-02-04T20:09:08 EST">
  <testcase classname="com.neotech.testcases.LoginTest" name="emptyPassword" time="0.186"/>
  <testcase classname="com.neotech.testcases.LoginTest" name="invalidPassword" time="2.481"/>
  <testcase classname="com.neotech.testcases.LoginTest" name="validLogin" time="2.862"/>
</testsuite> <!-- Default test -->
