<?xml version="1.0" encoding="UTF-8"?>
<!-- Generated by org.testng.reporters.JUnitXMLReporter -->
<testsuite ignored="0" hostname="M0ngO" failures="0" tests="3" name="addEmployeeTest" time="105.84" errors="0" timestamp="2026-02-04T23:40:40 EST">
  <testcase classname="com.neotech.testcases.AddEmployeeTest" name="addEmployee" time="30.124"/>
  <testcase classname="com.neotech.testcases.AddEmployeeTest" name="addEmployee" time="32.02"/>
  <testcase classname="com.neotech.testcases.AddEmployeeTest" name="addEmployee" time="37.121"/>
</testsuite> <!-- addEmployeeTest -->
