<?xml version="1.0" encoding="UTF-8"?>
<testng-results ignored="1" total="3" passed="2" failed="0" skipped="0">
  <reporter-output>
  </reporter-output>
  <suite started-at="2026-02-03T23:43:29 EST" name="RegressionSuite" finished-at="2026-02-03T23:43:40 EST" duration-ms="10840">
    <groups>
      <group name="regression">
        <method signature="LoginTest.invalidPassword()[pri:0, instance:com.neotech.testcases.LoginTest@15de0b3c]" name="invalidPassword" class="com.neotech.testcases.LoginTest"/>
        <method signature="LoginTest.validLogin()[pri:0, instance:com.neotech.testcases.LoginTest@15de0b3c]" name="validLogin" class="com.neotech.testcases.LoginTest"/>
      </group> <!-- regression -->
      <group name="smoke">
        <method signature="LoginTest.validLogin()[pri:0, instance:com.neotech.testcases.LoginTest@15de0b3c]" name="validLogin" class="com.neotech.testcases.LoginTest"/>
      </group> <!-- smoke -->
    </groups>
    <test started-at="2026-02-03T23:43:29 EST" name="RegressionTest" finished-at="2026-02-03T23:43:40 EST" duration-ms="10840">
      <class name="com.neotech.testcases.LoginTest">
        <test-method is-config="true" signature="setUp()[pri:0, instance:com.neotech.testcases.LoginTest@15de0b3c]" started-at="2026-02-03T23:43:29 EST" name="setUp" finished-at="2026-02-03T23:43:31 EST" duration-ms="2245" status="PASS">
          <reporter-output>
          </reporter-output>
        </test-method> <!-- setUp -->
        <test-method signature="invalidPassword()[pri:0, instance:com.neotech.testcases.LoginTest@15de0b3c]" started-at="2026-02-03T23:43:31 EST" name="invalidPassword" finished-at="2026-02-03T23:43:33 EST" duration-ms="2344" status="PASS">
          <reporter-output>
          </reporter-output>
        </test-method> <!-- invalidPassword -->
        <test-method is-config="true" signature="tearDown()[pri:0, instance:com.neotech.testcases.LoginTest@15de0b3c]" started-at="2026-02-03T23:43:33 EST" name="tearDown" finished-at="2026-02-03T23:43:34 EST" duration-ms="130" status="PASS">
          <reporter-output>
          </reporter-output>
        </test-method> <!-- tearDown -->
        <test-method is-config="true" signature="setUp()[pri:0, instance:com.neotech.testcases.LoginTest@15de0b3c]" started-at="2026-02-03T23:43:34 EST" name="setUp" finished-at="2026-02-03T23:43:35 EST" duration-ms="1341" status="PASS">
          <reporter-output>
          </reporter-output>
        </test-method> <!-- setUp -->
        <test-method signature="validLogin()[pri:0, instance:com.neotech.testcases.LoginTest@15de0b3c]" started-at="2026-02-03T23:43:35 EST" name="validLogin" finished-at="2026-02-03T23:43:40 EST" duration-ms="4622" status="PASS">
          <reporter-output>
          </reporter-output>
        </test-method> <!-- validLogin -->
        <test-method is-config="true" signature="tearDown()[pri:0, instance:com.neotech.testcases.LoginTest@15de0b3c]" started-at="2026-02-03T23:43:40 EST" name="tearDown" finished-at="2026-02-03T23:43:40 EST" duration-ms="123" status="PASS">
          <reporter-output>
          </reporter-output>
        </test-method> <!-- tearDown -->
      </class> <!-- com.neotech.testcases.LoginTest -->
    </test> <!-- RegressionTest -->
  </suite> <!-- RegressionSuite -->
</testng-results>
