<?xml version="1.0" encoding="UTF-8"?>
<testng-results ignored="0" total="3" passed="3" failed="0" skipped="0">
  <reporter-output>
  </reporter-output>
  <suite started-at="2026-02-04T23:38:54 EST" name="addEmployeeSuite" finished-at="2026-02-04T23:40:40 EST" duration-ms="105840">
    <groups>
      <group name="addEmployee">
        <method signature="AddEmployeeTest.addEmployee(java.lang.String,java.lang.String,java.lang.String,java.lang.String,java.lang.String)[pri:0, instance:com.neotech.testcases.AddEmployeeTest@2df3b89c]" name="addEmployee" class="com.neotech.testcases.AddEmployeeTest"/>
      </group> <!-- addEmployee -->
    </groups>
    <test started-at="2026-02-04T23:38:54 EST" name="addEmployeeTest" finished-at="2026-02-04T23:40:40 EST" duration-ms="105840">
      <class name="com.neotech.testcases.AddEmployeeTest">
        <test-method is-config="true" signature="generateReport()[pri:0, instance:com.neotech.testcases.AddEmployeeTest@2df3b89c]" started-at="2026-02-04T23:38:54 EST" name="generateReport" finished-at="2026-02-04T23:38:54 EST" duration-ms="149" status="PASS">
          <reporter-output>
          </reporter-output>
        </test-method> <!-- generateReport -->
        <test-method is-config="true" signature="setUp()[pri:0, instance:com.neotech.testcases.AddEmployeeTest@2df3b89c]" started-at="2026-02-04T23:38:54 EST" name="setUp" finished-at="2026-02-04T23:38:56 EST" duration-ms="1811" status="PASS">
          <reporter-output>
          </reporter-output>
        </test-method> <!-- setUp -->
        <test-method signature="addEmployee(java.lang.String,java.lang.String,java.lang.String,java.lang.String,java.lang.String)[pri:0, instance:com.neotech.testcases.AddEmployeeTest@2df3b89c]" started-at="2026-02-04T23:38:56 EST" name="addEmployee" data-provider="excelData" finished-at="2026-02-04T23:39:26 EST" duration-ms="30124" status="PASS">
          <params>
            <param index="0">
              <value>
                <![CDATA[John]]>
              </value>
            </param>
            <param index="1">
              <value>
                <![CDATA[Smith]]>
              </value>
            </param>
            <param index="2">
              <value>
                <![CDATA[Chinese Development Center]]>
              </value>
            </param>
            <param index="3">
              <value>
                <![CDATA[johnWick200029]]>
              </value>
            </param>
            <param index="4">
              <value>
                <![CDATA[Secret@123!!]]>
              </value>
            </param>
          </params>
          <reporter-output>
          </reporter-output>
        </test-method> <!-- addEmployee -->
        <test-method is-config="true" signature="tearDown()[pri:0, instance:com.neotech.testcases.AddEmployeeTest@2df3b89c]" started-at="2026-02-04T23:39:26 EST" name="tearDown" finished-at="2026-02-04T23:39:26 EST" duration-ms="132" status="PASS">
          <reporter-output>
          </reporter-output>
        </test-method> <!-- tearDown -->
        <test-method is-config="true" signature="setUp()[pri:0, instance:com.neotech.testcases.AddEmployeeTest@2df3b89c]" started-at="2026-02-04T23:39:26 EST" name="setUp" finished-at="2026-02-04T23:39:28 EST" duration-ms="1388" status="PASS">
          <reporter-output>
          </reporter-output>
        </test-method> <!-- setUp -->
        <test-method signature="addEmployee(java.lang.String,java.lang.String,java.lang.String,java.lang.String,java.lang.String)[pri:0, instance:com.neotech.testcases.AddEmployeeTest@2df3b89c]" started-at="2026-02-04T23:39:28 EST" name="addEmployee" data-provider="excelData" finished-at="2026-02-04T23:40:00 EST" duration-ms="32020" status="PASS">
          <params>
            <param index="0">
              <value>
                <![CDATA[Mary]]>
              </value>
            </param>
            <param index="1">
              <value>
                <![CDATA[Ann]]>
              </value>
            </param>
            <param index="2">
              <value>
                <![CDATA[German Regional HQ]]>
              </value>
            </param>
            <param index="3">
              <value>
                <![CDATA[mary200029]]>
              </value>
            </param>
            <param index="4">
              <value>
                <![CDATA[Secret@123!!]]>
              </value>
            </param>
          </params>
          <reporter-output>
          </reporter-output>
        </test-method> <!-- addEmployee -->
        <test-method is-config="true" signature="tearDown()[pri:0, instance:com.neotech.testcases.AddEmployeeTest@2df3b89c]" started-at="2026-02-04T23:40:00 EST" name="tearDown" finished-at="2026-02-04T23:40:00 EST" duration-ms="125" status="PASS">
          <reporter-output>
          </reporter-output>
        </test-method> <!-- tearDown -->
        <test-method is-config="true" signature="setUp()[pri:0, instance:com.neotech.testcases.AddEmployeeTest@2df3b89c]" started-at="2026-02-04T23:40:00 EST" name="setUp" finished-at="2026-02-04T23:40:02 EST" duration-ms="1981" status="PASS">
          <reporter-output>
          </reporter-output>
        </test-method> <!-- setUp -->
        <test-method signature="addEmployee(java.lang.String,java.lang.String,java.lang.String,java.lang.String,java.lang.String)[pri:0, instance:com.neotech.testcases.AddEmployeeTest@2df3b89c]" started-at="2026-02-04T23:40:02 EST" name="addEmployee" data-provider="excelData" finished-at="2026-02-04T23:40:39 EST" duration-ms="37121" status="PASS">
          <params>
            <param index="0">
              <value>
                <![CDATA[David]]>
              </value>
            </param>
            <param index="1">
              <value>
                <![CDATA[Brown]]>
              </value>
            </param>
            <param index="2">
              <value>
                <![CDATA[Indian Development Center]]>
              </value>
            </param>
            <param index="3">
              <value>
                <![CDATA[david2000029]]>
              </value>
            </param>
            <param index="4">
              <value>
                <![CDATA[Secret@123!!]]>
              </value>
            </param>
          </params>
          <reporter-output>
          </reporter-output>
        </test-method> <!-- addEmployee -->
        <test-method is-config="true" signature="tearDown()[pri:0, instance:com.neotech.testcases.AddEmployeeTest@2df3b89c]" started-at="2026-02-04T23:40:39 EST" name="tearDown" finished-at="2026-02-04T23:40:39 EST" duration-ms="120" status="PASS">
          <reporter-output>
          </reporter-output>
        </test-method> <!-- tearDown -->
        <test-method is-config="true" signature="writeReport()[pri:0, instance:com.neotech.testcases.AddEmployeeTest@2df3b89c]" started-at="2026-02-04T23:40:39 EST" name="writeReport" finished-at="2026-02-04T23:40:40 EST" duration-ms="174" status="PASS">
          <reporter-output>
          </reporter-output>
        </test-method> <!-- writeReport -->
      </class> <!-- com.neotech.testcases.AddEmployeeTest -->
    </test> <!-- addEmployeeTest -->
  </suite> <!-- addEmployeeSuite -->
</testng-results>
