<?xml version="1.0" encoding="UTF-8"?>
<testng-results ignored="2" total="3" passed="1" failed="0" skipped="0">
  <reporter-output>
  </reporter-output>
  <suite started-at="2026-02-03T20:58:41 EST" name="SmokeSuite" finished-at="2026-02-03T20:58:46 EST" duration-ms="4603">
    <groups>
      <group name="regression">
        <method signature="LoginTest.validLogin()[pri:0, instance:com.neotech.testcases.LoginTest@15de0b3c]" name="validLogin" class="com.neotech.testcases.LoginTest"/>
      </group> <!-- regression -->
      <group name="smoke">
        <method signature="LoginTest.validLogin()[pri:0, instance:com.neotech.testcases.LoginTest@15de0b3c]" name="validLogin" class="com.neotech.testcases.LoginTest"/>
      </group> <!-- smoke -->
    </groups>
    <test started-at="2026-02-03T20:58:41 EST" name="SmokeTest" finished-at="2026-02-03T20:58:46 EST" duration-ms="4603">
      <class name="com.neotech.testcases.LoginTest">
        <test-method is-config="true" signature="setUp()[pri:0, instance:com.neotech.testcases.LoginTest@15de0b3c]" started-at="2026-02-03T20:58:41 EST" name="setUp" finished-at="2026-02-03T20:58:43 EST" duration-ms="1792" status="PASS">
          <reporter-output>
          </reporter-output>
        </test-method> <!-- setUp -->
        <test-method signature="validLogin()[pri:0, instance:com.neotech.testcases.LoginTest@15de0b3c]" started-at="2026-02-03T20:58:43 EST" name="validLogin" finished-at="2026-02-03T20:58:46 EST" duration-ms="2684" status="PASS">
          <reporter-output>
          </reporter-output>
        </test-method> <!-- validLogin -->
        <test-method is-config="true" signature="tearDown()[pri:0, instance:com.neotech.testcases.LoginTest@15de0b3c]" started-at="2026-02-03T20:58:46 EST" name="tearDown" finished-at="2026-02-03T20:58:46 EST" duration-ms="99" status="PASS">
          <reporter-output>
          </reporter-output>
        </test-method> <!-- tearDown -->
      </class> <!-- com.neotech.testcases.LoginTest -->
    </test> <!-- SmokeTest -->
  </suite> <!-- SmokeSuite -->
</testng-results>
