<?xml version="1.0" encoding="UTF-8"?>
<testng-results ignored="0" total="3" passed="3" failed="0" skipped="0">
  <reporter-output>
  </reporter-output>
  <suite started-at="2026-02-05T01:57:02 EST" name="Default suite" finished-at="2026-02-05T01:58:47 EST" duration-ms="104835">
    <groups>
      <group name="addEmployee">
        <method signature="AddEmployeeTest.addEmployee(java.lang.String,java.lang.String,java.lang.String,java.lang.String,java.lang.String)[pri:0, instance:com.neotech.testcases.AddEmployeeTest@7d20d0b]" name="addEmployee" class="com.neotech.testcases.AddEmployeeTest"/>
      </group> <!-- addEmployee -->
    </groups>
    <test started-at="2026-02-05T01:57:02 EST" name="Default test" finished-at="2026-02-05T01:58:47 EST" duration-ms="104835">
      <class name="com.neotech.testcases.AddEmployeeTest">
        <test-method is-config="true" signature="generateReport()[pri:0, instance:com.neotech.testcases.AddEmployeeTest@7d20d0b]" started-at="2026-02-05T01:57:02 EST" name="generateReport" finished-at="2026-02-05T01:57:02 EST" duration-ms="175" status="PASS">
          <reporter-output>
          </reporter-output>
        </test-method> <!-- generateReport -->
        <test-method is-config="true" signature="setUp()[pri:0, instance:com.neotech.testcases.AddEmployeeTest@7d20d0b]" started-at="2026-02-05T01:57:03 EST" name="setUp" finished-at="2026-02-05T01:57:05 EST" duration-ms="2206" status="PASS">
          <reporter-output>
          </reporter-output>
        </test-method> <!-- setUp -->
        <test-method signature="addEmployee(java.lang.String,java.lang.String,java.lang.String,java.lang.String,java.lang.String)[pri:0, instance:com.neotech.testcases.AddEmployeeTest@7d20d0b]" started-at="2026-02-05T01:57:05 EST" name="addEmployee" data-provider="excelData" finished-at="2026-02-05T01:57:43 EST" duration-ms="38611" status="PASS">
          <params>
            <param index="0">
              <value>
                <![CDATA[John]]>
              </value>
            </param>
            <param index="1">
              <value>
                <![CDATA[Smith]]>
              </value>
            </param>
            <param index="2">
              <value>
                <![CDATA[Chinese Development Center]]>
              </value>
            </param>
            <param index="3">
              <value>
                <![CDATA[johnWick200029]]>
              </value>
            </param>
            <param index="4">
              <value>
                <![CDATA[Secret@123!!]]>
              </value>
            </param>
          </params>
          <reporter-output>
          </reporter-output>
        </test-method> <!-- addEmployee -->
        <test-method is-config="true" signature="tearDown()[pri:0, instance:com.neotech.testcases.AddEmployeeTest@7d20d0b]" started-at="2026-02-05T01:57:43 EST" name="tearDown" finished-at="2026-02-05T01:57:44 EST" duration-ms="136" status="PASS">
          <reporter-output>
          </reporter-output>
        </test-method> <!-- tearDown -->
        <test-method is-config="true" signature="setUp()[pri:0, instance:com.neotech.testcases.AddEmployeeTest@7d20d0b]" started-at="2026-02-05T01:57:44 EST" name="setUp" finished-at="2026-02-05T01:57:45 EST" duration-ms="1429" status="PASS">
          <reporter-output>
          </reporter-output>
        </test-method> <!-- setUp -->
        <test-method signature="addEmployee(java.lang.String,java.lang.String,java.lang.String,java.lang.String,java.lang.String)[pri:0, instance:com.neotech.testcases.AddEmployeeTest@7d20d0b]" started-at="2026-02-05T01:57:45 EST" name="addEmployee" data-provider="excelData" finished-at="2026-02-05T01:58:14 EST" duration-ms="28523" status="PASS">
          <params>
            <param index="0">
              <value>
                <![CDATA[Mary]]>
              </value>
            </param>
            <param index="1">
              <value>
                <![CDATA[Ann]]>
              </value>
            </param>
            <param index="2">
              <value>
                <![CDATA[German Regional HQ]]>
              </value>
            </param>
            <param index="3">
              <value>
                <![CDATA[mary200029]]>
              </value>
            </param>
            <param index="4">
              <value>
                <![CDATA[Secret@123!!]]>
              </value>
            </param>
          </params>
          <reporter-output>
          </reporter-output>
        </test-method> <!-- addEmployee -->
        <test-method is-config="true" signature="tearDown()[pri:0, instance:com.neotech.testcases.AddEmployeeTest@7d20d0b]" started-at="2026-02-05T01:58:14 EST" name="tearDown" finished-at="2026-02-05T01:58:14 EST" duration-ms="121" status="PASS">
          <reporter-output>
          </reporter-output>
        </test-method> <!-- tearDown -->
        <test-method is-config="true" signature="setUp()[pri:0, instance:com.neotech.testcases.AddEmployeeTest@7d20d0b]" started-at="2026-02-05T01:58:14 EST" name="setUp" finished-at="2026-02-05T01:58:15 EST" duration-ms="1308" status="PASS">
          <reporter-output>
          </reporter-output>
        </test-method> <!-- setUp -->
        <test-method signature="addEmployee(java.lang.String,java.lang.String,java.lang.String,java.lang.String,java.lang.String)[pri:0, instance:com.neotech.testcases.AddEmployeeTest@7d20d0b]" started-at="2026-02-05T01:58:15 EST" name="addEmployee" data-provider="excelData" finished-at="2026-02-05T01:58:46 EST" duration-ms="31480" status="PASS">
          <params>
            <param index="0">
              <value>
                <![CDATA[David]]>
              </value>
            </param>
            <param index="1">
              <value>
                <![CDATA[Brown]]>
              </value>
            </param>
            <param index="2">
              <value>
                <![CDATA[Indian Development Center]]>
              </value>
            </param>
            <param index="3">
              <value>
                <![CDATA[david2000029]]>
              </value>
            </param>
            <param index="4">
              <value>
                <![CDATA[Secret@123!!]]>
              </value>
            </param>
          </params>
          <reporter-output>
          </reporter-output>
        </test-method> <!-- addEmployee -->
        <test-method is-config="true" signature="tearDown()[pri:0, instance:com.neotech.testcases.AddEmployeeTest@7d20d0b]" started-at="2026-02-05T01:58:46 EST" name="tearDown" finished-at="2026-02-05T01:58:47 EST" duration-ms="140" status="PASS">
          <reporter-output>
          </reporter-output>
        </test-method> <!-- tearDown -->
        <test-method is-config="true" signature="writeReport()[pri:0, instance:com.neotech.testcases.AddEmployeeTest@7d20d0b]" started-at="2026-02-05T01:58:47 EST" name="writeReport" finished-at="2026-02-05T01:58:47 EST" duration-ms="200" status="PASS">
          <reporter-output>
          </reporter-output>
        </test-method> <!-- writeReport -->
      </class> <!-- com.neotech.testcases.AddEmployeeTest -->
    </test> <!-- Default test -->
  </suite> <!-- Default suite -->
</testng-results>
