<?xml version="1.0" encoding="UTF-8"?>
<!-- Generated by org.testng.reporters.JUnitReportReporter -->
<testsuite hostname="M0ngO" failures="0" tests="2" name="com.neotech.testcases.LoginTest" time="10.805" errors="0" timestamp="2026-02-03T23:43:40 EST" skipped="0">
  <testcase classname="com.neotech.testcases.LoginTest" name="validLogin" time="6.997"/>
  <testcase classname="com.neotech.testcases.LoginTest" name="invalidPassword" time="3.808"/>
</testsuite> <!-- com.neotech.testcases.LoginTest -->
