<?xml version="1.0" encoding="UTF-8"?>
<!-- Generated by org.testng.reporters.JUnitReportReporter -->
<testsuite hostname="M0ngO" failures="0" tests="3" name="com.neotech.testcases.AddEmployeeTest" time="104.822" errors="0" timestamp="2026-02-04T23:40:40 EST" skipped="0">
  <testcase classname="com.neotech.testcases.AddEmployeeTest" name="addEmployee" time="32.237"/>
  <testcase classname="com.neotech.testcases.AddEmployeeTest" name="addEmployee" time="33.528"/>
  <testcase classname="com.neotech.testcases.AddEmployeeTest" name="addEmployee" time="39.057"/>
</testsuite> <!-- com.neotech.testcases.AddEmployeeTest -->
