<?xml version="1.0" encoding="UTF-8"?>
<!-- Generated by org.testng.reporters.JUnitReportReporter -->
<testsuite hostname="M0ngO" failures="0" tests="3" name="com.neotech.testcases.AddEmployeeTest" time="103.954" errors="0" timestamp="2026-02-05T01:58:47 EST" skipped="0">
  <testcase classname="com.neotech.testcases.AddEmployeeTest" name="addEmployee" time="30.088"/>
  <testcase classname="com.neotech.testcases.AddEmployeeTest" name="addEmployee" time="40.040"/>
  <testcase classname="com.neotech.testcases.AddEmployeeTest" name="addEmployee" time="33.826"/>
</testsuite> <!-- com.neotech.testcases.AddEmployeeTest -->
